{"/home/fardin/Desktop/projects/node_js/url-shortner/functions.js": {"path":"/home/fardin/Desktop/projects/node_js/url-shortner/functions.js","statementMap":{"0":{"start":{"line":2,"column":16},"end":{"line":10,"column":1}},"1":{"start":{"line":3,"column":4},"end":{"line":9,"column":5}},"2":{"start":{"line":12,"column":0},"end":{"line":14,"column":1}}},"fnMap":{"0":{"name":"(anonymous_0)","decl":{"start":{"line":2,"column":16},"end":{"line":2,"column":17}},"loc":{"start":{"line":2,"column":27},"end":{"line":10,"column":1}},"line":2}},"branchMap":{"0":{"loc":{"start":{"line":4,"column":8},"end":{"line":8,"column":26}},"type":"binary-expr","locations":[{"start":{"line":4,"column":8},"end":{"line":4,"column":22}},{"start":{"line":5,"column":11},"end":{"line":5,"column":39}},{"start":{"line":6,"column":11},"end":{"line":6,"column":29}},{"start":{"line":7,"column":11},"end":{"line":7,"column":23}},{"start":{"line":8,"column":11},"end":{"line":8,"column":26}}],"line":4}},"s":{"0":1,"1":7,"2":1},"f":{"0":7},"b":{"0":[7,6,5,4,4]},"_coverageSchema":"43e27e138ebf9cfc5966b082cf9a028302ed4184","hash":"a1675c1736845944128a60c717a8bfededd5a616"}
}
